# JRE version: OpenJDK Runtime Environment Temurin-21.0.10+7 (21.0.10+7) (build 21.0.10+7-LTS)
# Java VM: OpenJDK 64-Bit Server VM Temurin-21.0.10+7 (21.0.10+7-LTS, mixed mode, sharing, tiered, compressed oops, compressed class ptrs, parallel gc, windows-amd64)
GC Precious Log:
 CardTable entry size: 512
 CPUs: 16 total, 16 available
 Memory: 7811M
 Large Page Support: Disabled
 NUMA Support: Disabled
 Compressed Oops: Enabled (32-bit)
 Alignments: Space 512K, Generation 512K, Heap 2M
 Heap Min Capacity: 100M
 Heap Initial Capacity: 100M
 Heap Max Capacity: 2G
 Pre-touch: Disabled
 Parallel Workers: 13
Heap:
 PSYoungGen      total 16384K, used 2497K [0x00000000d5580000, 0x00000000d6700000, 0x0000000100000000)
  eden space 15872K, 12% used [0x00000000d5580000,0x00000000d57784d0,0x00000000d6500000)
  from space 512K, 93% used [0x00000000d6680000,0x00000000d66f8020,0x00000000d6700000)
  to   space 1024K, 0% used [0x00000000d6500000,0x00000000d6500000,0x00000000d6600000)
 ParOldGen       total 89088K, used 88602K [0x0000000080000000, 0x0000000085700000, 0x00000000d5580000)
  object space 89088K, 99% used [0x0000000080000000,0x0000000085686a10,0x0000000085700000)
 Metaspace       used 70553K, committed 72192K, reserved 1114112K
  class space    used 7518K, committed 8256K, reserved 1048576K
GC Heap History (20 events):
Event: 18.772 GC heap before
{Heap before GC invocations=88 (full 3):
 PSYoungGen      total 18432K, used 18079K [0x00000000d5580000, 0x00000000d6980000, 0x0000000100000000)
  eden space 16384K, 99% used [0x00000000d5580000,0x00000000d657ffe8,0x00000000d6580000)
  from space 2048K, 82% used [0x00000000d6780000,0x00000000d6928000,0x00000000d6980000)
  to   space 2048K, 0% used [0x00000000d6580000,0x00000000d6580000,0x00000000d6780000)
 ParOldGen       total 78848K, used 78817K [0x0000000080000000, 0x0000000084d00000, 0x00000000d5580000)
  object space 78848K, 99% used [0x0000000080000000,0x0000000084cf8738,0x0000000084d00000)
 Metaspace       used 62418K, committed 63936K, reserved 1114112K
  class space    used 6631K, committed 7296K, reserved 1048576K
}
Event: 18.774 GC heap after
{Heap after GC invocations=88 (full 3):
 PSYoungGen      total 18432K, used 2044K [0x00000000d5580000, 0x00000000d6e80000, 0x0000000100000000)
  eden space 16384K, 0% used [0x00000000d5580000,0x00000000d5580000,0x00000000d6580000)
  from space 2048K, 99% used [0x00000000d6580000,0x00000000d677f0d0,0x00000000d6780000)
  to   space 4608K, 0% used [0x00000000d6a00000,0x00000000d6a00000,0x00000000d6e80000)
 ParOldGen       total 81408K, used 80913K [0x0000000080000000, 0x0000000084f80000, 0x00000000d5580000)
  object space 81408K, 99% used [0x0000000080000000,0x0000000084f04738,0x0000000084f80000)
 Metaspace       used 62418K, committed 63936K, reserved 1114112K
  class space    used 6631K, committed 7296K, reserved 1048576K
}
Event: 18.861 GC heap before
{Heap before GC invocations=89 (full 3):
 PSYoungGen      total 18432K, used 18428K [0x00000000d5580000, 0x00000000d6e80000, 0x0000000100000000)
  eden space 16384K, 100% used [0x00000000d5580000,0x00000000d6580000,0x00000000d6580000)
  from space 2048K, 99% used [0x00000000d6580000,0x00000000d677f0d0,0x00000000d6780000)
  to   space 4608K, 0% used [0x00000000d6a00000,0x00000000d6a00000,0x00000000d6e80000)
 ParOldGen       total 81408K, used 80913K [0x0000000080000000, 0x0000000084f80000, 0x00000000d5580000)
  object space 81408K, 99% used [0x0000000080000000,0x0000000084f04738,0x0000000084f80000)
 Metaspace       used 62829K, committed 64384K, reserved 1114112K
  class space    used 6700K, committed 7360K, reserved 1048576K
}
Event: 18.863 GC heap after
{Heap after GC invocations=89 (full 3):
 PSYoungGen      total 17920K, used 1469K [0x00000000d5580000, 0x00000000d6b80000, 0x0000000100000000)
  eden space 16384K, 0% used [0x00000000d5580000,0x00000000d5580000,0x00000000d6580000)
  from space 1536K, 95% used [0x00000000d6a00000,0x00000000d6b6f5e0,0x00000000d6b80000)
  to   space 2560K, 0% used [0x00000000d6680000,0x00000000d6680000,0x00000000d6900000)
 ParOldGen       total 82432K, used 82207K [0x0000000080000000, 0x0000000085080000, 0x00000000d5580000)
  object space 82432K, 99% used [0x0000000080000000,0x0000000085047f10,0x0000000085080000)
 Metaspace       used 62829K, committed 64384K, reserved 1114112K
  class space    used 6700K, committed 7360K, reserved 1048576K
}
Event: 18.910 GC heap before
{Heap before GC invocations=90 (full 3):
 PSYoungGen      total 17920K, used 17853K [0x00000000d5580000, 0x00000000d6b80000, 0x0000000100000000)
  eden space 16384K, 100% used [0x00000000d5580000,0x00000000d6580000,0x00000000d6580000)
  from space 1536K, 95% used [0x00000000d6a00000,0x00000000d6b6f5e0,0x00000000d6b80000)
  to   space 2560K, 0% used [0x00000000d6680000,0x00000000d6680000,0x00000000d6900000)
 ParOldGen       total 82432K, used 82207K [0x0000000080000000, 0x0000000085080000, 0x00000000d5580000)
  object space 82432K, 99% used [0x0000000080000000,0x0000000085047f10,0x0000000085080000)
 Metaspace       used 63052K, committed 64640K, reserved 1114112K
  class space    used 6717K, committed 7360K, reserved 1048576K
}
Event: 18.912 GC heap after
{Heap after GC invocations=90 (full 3):
 PSYoungGen      total 18944K, used 1174K [0x00000000d5580000, 0x00000000d6a80000, 0x0000000100000000)
  eden space 16384K, 0% used [0x00000000d5580000,0x00000000d5580000,0x00000000d6580000)
  from space 2560K, 45% used [0x00000000d6680000,0x00000000d67a59b8,0x00000000d6900000)
  to   space 1536K, 0% used [0x00000000d6900000,0x00000000d6900000,0x00000000d6a80000)
 ParOldGen       total 83456K, used 83266K [0x0000000080000000, 0x0000000085180000, 0x00000000d5580000)
  object space 83456K, 99% used [0x0000000080000000,0x0000000085150bb0,0x0000000085180000)
 Metaspace       used 63052K, committed 64640K, reserved 1114112K
  class space    used 6717K, committed 7360K, reserved 1048576K
}
Event: 18.963 GC heap before
{Heap before GC invocations=91 (full 3):
 PSYoungGen      total 18944K, used 17558K [0x00000000d5580000, 0x00000000d6a80000, 0x0000000100000000)
  eden space 16384K, 100% used [0x00000000d5580000,0x00000000d6580000,0x00000000d6580000)
  from space 2560K, 45% used [0x00000000d6680000,0x00000000d67a59b8,0x00000000d6900000)
  to   space 1536K, 0% used [0x00000000d6900000,0x00000000d6900000,0x00000000d6a80000)
 ParOldGen       total 83456K, used 83266K [0x0000000080000000, 0x0000000085180000, 0x00000000d5580000)
  object space 83456K, 99% used [0x0000000080000000,0x0000000085150bb0,0x0000000085180000)
 Metaspace       used 63541K, committed 65088K, reserved 1114112K
  class space    used 6755K, committed 7424K, reserved 1048576K
}
Event: 18.965 GC heap after
{Heap after GC invocations=91 (full 3):
 PSYoungGen      total 16896K, used 352K [0x00000000d5580000, 0x00000000d6980000, 0x0000000100000000)
  eden space 16384K, 0% used [0x00000000d5580000,0x00000000d5580000,0x00000000d6580000)
  from space 512K, 68% used [0x00000000d6900000,0x00000000d6958000,0x00000000d6980000)
  to   space 1024K, 0% used [0x00000000d6780000,0x00000000d6780000,0x00000000d6880000)
 ParOldGen       total 83456K, used 83388K [0x0000000080000000, 0x0000000085180000, 0x00000000d5580000)
  object space 83456K, 99% used [0x0000000080000000,0x000000008516f020,0x0000000085180000)
 Metaspace       used 63541K, committed 65088K, reserved 1114112K
  class space    used 6755K, committed 7424K, reserved 1048576K
}
Event: 19.074 GC heap before
{Heap before GC invocations=92 (full 3):
 PSYoungGen      total 16896K, used 16736K [0x00000000d5580000, 0x00000000d6980000, 0x0000000100000000)
  eden space 16384K, 100% used [0x00000000d5580000,0x00000000d6580000,0x00000000d6580000)
  from space 512K, 68% used [0x00000000d6900000,0x00000000d6958000,0x00000000d6980000)
  to   space 1024K, 0% used [0x00000000d6780000,0x00000000d6780000,0x00000000d6880000)
 ParOldGen       total 83456K, used 83388K [0x0000000080000000, 0x0000000085180000, 0x00000000d5580000)
  object space 83456K, 99% used [0x0000000080000000,0x000000008516f020,0x0000000085180000)
 Metaspace       used 64908K, committed 66432K, reserved 1114112K
  class space    used 6872K, committed 7552K, reserved 1048576K
}
Event: 19.075 GC heap after
{Heap after GC invocations=92 (full 3):
 PSYoungGen      total 17408K, used 1017K [0x00000000d5580000, 0x00000000d6980000, 0x0000000100000000)
  eden space 16384K, 0% used [0x00000000d5580000,0x00000000d5580000,0x00000000d6580000)
  from space 1024K, 99% used [0x00000000d6780000,0x00000000d687e430,0x00000000d6880000)
  to   space 1024K, 0% used [0x00000000d6880000,0x00000000d6880000,0x00000000d6980000)
 ParOldGen       total 83968K, used 83728K [0x0000000080000000, 0x0000000085200000, 0x00000000d5580000)
  object space 83968K, 99% used [0x0000000080000000,0x00000000851c42d0,0x0000000085200000)
 Metaspace       used 64908K, committed 66432K, reserved 1114112K
  class space    used 6872K, committed 7552K, reserved 1048576K
}
Event: 19.201 GC heap before
{Heap before GC invocations=93 (full 3):
 PSYoungGen      total 17408K, used 17401K [0x00000000d5580000, 0x00000000d6980000, 0x0000000100000000)
  eden space 16384K, 100% used [0x00000000d5580000,0x00000000d6580000,0x00000000d6580000)
  from space 1024K, 99% used [0x00000000d6780000,0x00000000d687e430,0x00000000d6880000)
  to   space 1024K, 0% used [0x00000000d6880000,0x00000000d6880000,0x00000000d6980000)
 ParOldGen       total 83968K, used 83728K [0x0000000080000000, 0x0000000085200000, 0x00000000d5580000)
  object space 83968K, 99% used [0x0000000080000000,0x00000000851c42d0,0x0000000085200000)
 Metaspace       used 66683K, committed 68160K, reserved 1114112K
  class space    used 7025K, committed 7616K, reserved 1048576K
}
Event: 19.204 GC heap after
{Heap after GC invocations=93 (full 3):
 PSYoungGen      total 16896K, used 1010K [0x00000000d5580000, 0x00000000d6c80000, 0x0000000100000000)
  eden space 15872K, 0% used [0x00000000d5580000,0x00000000d5580000,0x00000000d6500000)
  from space 1024K, 98% used [0x00000000d6880000,0x00000000d697ca78,0x00000000d6980000)
  to   space 3584K, 0% used [0x00000000d6500000,0x00000000d6500000,0x00000000d6880000)
 ParOldGen       total 86016K, used 85777K [0x0000000080000000, 0x0000000085400000, 0x00000000d5580000)
  object space 86016K, 99% used [0x0000000080000000,0x00000000853c4740,0x0000000085400000)
 Metaspace       used 66683K, committed 68160K, reserved 1114112K
  class space    used 7025K, committed 7616K, reserved 1048576K
}
Event: 19.354 GC heap before
{Heap before GC invocations=94 (full 3):
 PSYoungGen      total 16896K, used 16882K [0x00000000d5580000, 0x00000000d6c80000, 0x0000000100000000)
  eden space 15872K, 100% used [0x00000000d5580000,0x00000000d6500000,0x00000000d6500000)
  from space 1024K, 98% used [0x00000000d6880000,0x00000000d697ca78,0x00000000d6980000)
  to   space 3584K, 0% used [0x00000000d6500000,0x00000000d6500000,0x00000000d6880000)
 ParOldGen       total 86016K, used 85777K [0x0000000080000000, 0x0000000085400000, 0x00000000d5580000)
  object space 86016K, 99% used [0x0000000080000000,0x00000000853c4740,0x0000000085400000)
 Metaspace       used 68310K, committed 69824K, reserved 1114112K
  class space    used 7240K, committed 7872K, reserved 1048576K
}
Event: 19.357 GC heap after
{Heap after GC invocations=94 (full 3):
 PSYoungGen      total 17408K, used 1376K [0x00000000d5580000, 0x00000000d6900000, 0x0000000100000000)
  eden space 15872K, 0% used [0x00000000d5580000,0x00000000d5580000,0x00000000d6500000)
  from space 1536K, 89% used [0x00000000d6500000,0x00000000d6658040,0x00000000d6680000)
  to   space 2048K, 0% used [0x00000000d6700000,0x00000000d6700000,0x00000000d6900000)
 ParOldGen       total 87040K, used 86771K [0x0000000080000000, 0x0000000085500000, 0x00000000d5580000)
  object space 87040K, 99% used [0x0000000080000000,0x00000000854bcfb0,0x0000000085500000)
 Metaspace       used 68310K, committed 69824K, reserved 1114112K
  class space    used 7240K, committed 7872K, reserved 1048576K
}
Event: 19.493 GC heap before
{Heap before GC invocations=95 (full 3):
 PSYoungGen      total 17408K, used 17222K [0x00000000d5580000, 0x00000000d6900000, 0x0000000100000000)
  eden space 15872K, 99% used [0x00000000d5580000,0x00000000d64f9af0,0x00000000d6500000)
  from space 1536K, 89% used [0x00000000d6500000,0x00000000d6658040,0x00000000d6680000)
  to   space 2048K, 0% used [0x00000000d6700000,0x00000000d6700000,0x00000000d6900000)
 ParOldGen       total 87040K, used 86771K [0x0000000080000000, 0x0000000085500000, 0x00000000d5580000)
  object space 87040K, 99% used [0x0000000080000000,0x00000000854bcfb0,0x0000000085500000)
 Metaspace       used 69348K, committed 70912K, reserved 1114112K
  class space    used 7421K, committed 8128K, reserved 1048576K
}
Event: 19.495 GC heap after
{Heap after GC invocations=95 (full 3):
 PSYoungGen      total 16384K, used 508K [0x00000000d5580000, 0x00000000d6780000, 0x0000000100000000)
  eden space 15872K, 0% used [0x00000000d5580000,0x00000000d5580000,0x00000000d6500000)
  from space 512K, 99% used [0x00000000d6700000,0x00000000d677f118,0x00000000d6780000)
  to   space 1024K, 0% used [0x00000000d6580000,0x00000000d6580000,0x00000000d6680000)
 ParOldGen       total 88064K, used 87938K [0x0000000080000000, 0x0000000085600000, 0x00000000d5580000)
  object space 88064K, 99% used [0x0000000080000000,0x00000000855e0a00,0x0000000085600000)
 Metaspace       used 69348K, committed 70912K, reserved 1114112K
  class space    used 7421K, committed 8128K, reserved 1048576K
}
Event: 267.239 GC heap before
{Heap before GC invocations=96 (full 3):
 PSYoungGen      total 16384K, used 16380K [0x00000000d5580000, 0x00000000d6780000, 0x0000000100000000)
  eden space 15872K, 100% used [0x00000000d5580000,0x00000000d6500000,0x00000000d6500000)
  from space 512K, 99% used [0x00000000d6700000,0x00000000d677f118,0x00000000d6780000)
  to   space 1024K, 0% used [0x00000000d6580000,0x00000000d6580000,0x00000000d6680000)
 ParOldGen       total 88064K, used 87938K [0x0000000080000000, 0x0000000085600000, 0x00000000d5580000)
  object space 88064K, 99% used [0x0000000080000000,0x00000000855e0a00,0x0000000085600000)
 Metaspace       used 70247K, committed 71872K, reserved 1114112K
  class space    used 7503K, committed 8192K, reserved 1048576K
}
Event: 267.284 GC heap after
{Heap after GC invocations=96 (full 3):
 PSYoungGen      total 16896K, used 640K [0x00000000d5580000, 0x00000000d6780000, 0x0000000100000000)
  eden space 15872K, 0% used [0x00000000d5580000,0x00000000d5580000,0x00000000d6500000)
  from space 1024K, 62% used [0x00000000d6580000,0x00000000d6620000,0x00000000d6680000)
  to   space 1024K, 0% used [0x00000000d6680000,0x00000000d6680000,0x00000000d6780000)
 ParOldGen       total 88576K, used 88138K [0x0000000080000000, 0x0000000085680000, 0x00000000d5580000)
  object space 88576K, 99% used [0x0000000080000000,0x0000000085612a00,0x0000000085680000)
 Metaspace       used 70247K, committed 71872K, reserved 1114112K
  class space    used 7503K, committed 8192K, reserved 1048576K
}
Event: 655.709 GC heap before
{Heap before GC invocations=97 (full 3):
 PSYoungGen      total 16896K, used 16512K [0x00000000d5580000, 0x00000000d6780000, 0x0000000100000000)
  eden space 15872K, 100% used [0x00000000d5580000,0x00000000d6500000,0x00000000d6500000)
  from space 1024K, 62% used [0x00000000d6580000,0x00000000d6620000,0x00000000d6680000)
  to   space 1024K, 0% used [0x00000000d6680000,0x00000000d6680000,0x00000000d6780000)
 ParOldGen       total 88576K, used 88138K [0x0000000080000000, 0x0000000085680000, 0x00000000d5580000)
  object space 88576K, 99% used [0x0000000080000000,0x0000000085612a00,0x0000000085680000)
 Metaspace       used 70525K, committed 72128K, reserved 1114112K
  class space    used 7516K, committed 8192K, reserved 1048576K
}
Event: 655.767 GC heap after
{Heap after GC invocations=97 (full 3):
 PSYoungGen      total 16384K, used 480K [0x00000000d5580000, 0x00000000d6700000, 0x0000000100000000)
  eden space 15872K, 0% used [0x00000000d5580000,0x00000000d5580000,0x00000000d6500000)
  from space 512K, 93% used [0x00000000d6680000,0x00000000d66f8020,0x00000000d6700000)
  to   space 1024K, 0% used [0x00000000d6500000,0x00000000d6500000,0x00000000d6600000)
 ParOldGen       total 89088K, used 88602K [0x0000000080000000, 0x0000000085700000, 0x00000000d5580000)
  object space 89088K, 99% used [0x0000000080000000,0x0000000085686a10,0x0000000085700000)
 Metaspace       used 70525K, committed 72128K, reserved 1114112K
  class space    used 7516K, committed 8192K, reserved 1048576K
}

